{"level":"info","message":"Listening on port 3000...","timestamp":"2020-11-23T00:14:51.826Z"}
{"level":"info","message":"Connected to MongoDB...","timestamp":"2020-11-23T00:14:51.852Z"}
{"level":"info","message":"Listening on port 3000...","timestamp":"2020-11-23T00:15:06.934Z"}
{"level":"info","message":"Connected to MongoDB...","timestamp":"2020-11-23T00:15:06.968Z"}
{"level":"info","message":"Listening on port 3000...","timestamp":"2020-11-23T00:16:26.254Z"}
{"level":"info","message":"Connected to MongoDB...","timestamp":"2020-11-23T00:16:26.285Z"}
{"message":"Invalid doc","stack":"Error: Invalid doc\n    at Task.task.update (C:\\Users\\Rajadurai\\node-apps\\books-rental\\node_modules\\fawn\\lib\\task.js:115:35)\n    at C:\\Users\\Rajadurai\\node-apps\\books-rental\\routes\\rentals.js:72:10","level":"error","timestamp":"2020-11-23T00:16:31.442Z"}
{"level":"info","message":"Listening on port 3000...","timestamp":"2020-11-23T00:17:18.344Z"}
{"level":"info","message":"Connected to MongoDB...","timestamp":"2020-11-23T00:17:18.383Z"}
{"level":"info","message":"Listening on port 3000...","timestamp":"2020-11-23T00:17:28.429Z"}
{"level":"info","message":"Connected to MongoDB...","timestamp":"2020-11-23T00:17:28.474Z"}
{"level":"info","message":"Listening on port 3000...","timestamp":"2020-11-23T00:17:46.977Z"}
{"level":"info","message":"Connected to MongoDB...","timestamp":"2020-11-23T00:17:47.017Z"}
{"message":"Invalid doc","stack":"Error: Invalid doc\n    at Task.task.update (C:\\Users\\Rajadurai\\node-apps\\books-rental\\node_modules\\fawn\\lib\\task.js:115:35)\n    at C:\\Users\\Rajadurai\\node-apps\\books-rental\\routes\\rentals.js:74:10","level":"error","timestamp":"2020-11-23T00:18:01.833Z"}
{"level":"info","message":"Listening on port 3000...","timestamp":"2020-11-23T00:19:17.044Z"}
{"level":"info","message":"Connected to MongoDB...","timestamp":"2020-11-23T00:19:17.087Z"}
{"message":"(intermediate value).add is not a function","stack":"TypeError: (intermediate value).add is not a function\n    at C:\\Users\\Rajadurai\\node-apps\\books-rental\\routes\\rentals.js:74:10","level":"error","timestamp":"2020-11-23T00:19:22.176Z"}
{"level":"info","message":"Listening on port 3000...","timestamp":"2020-11-23T00:19:38.028Z"}
{"level":"info","message":"Connected to MongoDB...","timestamp":"2020-11-23T00:19:38.060Z"}
{"level":"info","message":"Listening on port 3000...","timestamp":"2020-11-23T00:19:47.481Z"}
{"level":"info","message":"Connected to MongoDB...","timestamp":"2020-11-23T00:19:47.513Z"}
{"message":"book is not defined","stack":"ReferenceError: book is not defined\n    at C:\\Users\\Rajadurai\\node-apps\\books-rental\\routes\\rentals.js:75:33","level":"error","timestamp":"2020-11-23T00:19:48.052Z"}
{"level":"info","message":"Listening on port 3000...","timestamp":"2020-11-23T00:21:04.718Z"}
{"level":"info","message":"Connected to MongoDB...","timestamp":"2020-11-23T00:21:04.748Z"}
{"message":"E11000 duplicate key error collection: book-rental.rentals index: _id_ dup key: { _id: ObjectId('5fbacd371722211e9c24f018') }","stack":"MongoError: E11000 duplicate key error collection: book-rental.rentals index: _id_ dup key: { _id: ObjectId('5fbacd371722211e9c24f018') }\n    at Function.create (C:\\Users\\Rajadurai\\node-apps\\books-rental\\node_modules\\mongodb\\lib\\core\\error.js:57:12)\n    at toError (C:\\Users\\Rajadurai\\node-apps\\books-rental\\node_modules\\mongodb\\lib\\utils.js:123:22)\n    at C:\\Users\\Rajadurai\\node-apps\\books-rental\\node_modules\\mongodb\\lib\\operations\\common_functions.js:265:39\n    at handler (C:\\Users\\Rajadurai\\node-apps\\books-rental\\node_modules\\mongodb\\lib\\core\\sdam\\topology.js:942:24)\n    at C:\\Users\\Rajadurai\\node-apps\\books-rental\\node_modules\\mongodb\\lib\\cmap\\connection_pool.js:350:13\n    at handleOperationResult (C:\\Users\\Rajadurai\\node-apps\\books-rental\\node_modules\\mongodb\\lib\\core\\sdam\\server.js:558:5)\n    at MessageStream.messageHandler (C:\\Users\\Rajadurai\\node-apps\\books-rental\\node_modules\\mongodb\\lib\\cmap\\connection.js:277:5)\n    at MessageStream.emit (events.js:315:20)\n    at processIncomingData (C:\\Users\\Rajadurai\\node-apps\\books-rental\\node_modules\\mongodb\\lib\\cmap\\message_stream.js:144:12)\n    at MessageStream._write (C:\\Users\\Rajadurai\\node-apps\\books-rental\\node_modules\\mongodb\\lib\\cmap\\message_stream.js:42:5)\n    at writeOrBuffer (_stream_writable.js:352:12)\n    at MessageStream.Writable.write (_stream_writable.js:303:10)\n    at Socket.ondata (_stream_readable.js:719:22)\n    at Socket.emit (events.js:315:20)\n    at addChunk (_stream_readable.js:309:12)\n    at readableAddChunk (_stream_readable.js:284:9)\n    at Socket.Readable.push (_stream_readable.js:223:10)\n    at TCP.onStreamRead (internal/stream_base_commons.js:188:23)","driver":true,"name":"MongoError","index":0,"code":11000,"keyPattern":{"_id":1},"keyValue":{"_id":{"_bsontype":"ObjectID","id":{"0":95,"1":186,"2":205,"3":55,"4":23,"5":34,"6":33,"7":30,"8":156,"9":36,"10":240,"11":24}}},"level":"error","timestamp":"2020-11-23T00:21:22.900Z"}
{"level":"info","message":"Listening on port 3000...","timestamp":"2020-11-23T00:22:21.168Z"}
{"level":"info","message":"Connected to MongoDB...","timestamp":"2020-11-23T00:22:21.202Z"}
{"message":"E11000 duplicate key error collection: book-rental.rentals index: _id_ dup key: { _id: ObjectId('5fba94b366c8ff25942f5aef') }","stack":"MongoError: E11000 duplicate key error collection: book-rental.rentals index: _id_ dup key: { _id: ObjectId('5fba94b366c8ff25942f5aef') }\n    at Function.create (C:\\Users\\Rajadurai\\node-apps\\books-rental\\node_modules\\mongodb\\lib\\core\\error.js:57:12)\n    at toError (C:\\Users\\Rajadurai\\node-apps\\books-rental\\node_modules\\mongodb\\lib\\utils.js:123:22)\n    at C:\\Users\\Rajadurai\\node-apps\\books-rental\\node_modules\\mongodb\\lib\\operations\\common_functions.js:265:39\n    at handler (C:\\Users\\Rajadurai\\node-apps\\books-rental\\node_modules\\mongodb\\lib\\core\\sdam\\topology.js:942:24)\n    at C:\\Users\\Rajadurai\\node-apps\\books-rental\\node_modules\\mongodb\\lib\\cmap\\connection_pool.js:350:13\n    at handleOperationResult (C:\\Users\\Rajadurai\\node-apps\\books-rental\\node_modules\\mongodb\\lib\\core\\sdam\\server.js:558:5)\n    at MessageStream.messageHandler (C:\\Users\\Rajadurai\\node-apps\\books-rental\\node_modules\\mongodb\\lib\\cmap\\connection.js:277:5)\n    at MessageStream.emit (events.js:315:20)\n    at processIncomingData (C:\\Users\\Rajadurai\\node-apps\\books-rental\\node_modules\\mongodb\\lib\\cmap\\message_stream.js:144:12)\n    at MessageStream._write (C:\\Users\\Rajadurai\\node-apps\\books-rental\\node_modules\\mongodb\\lib\\cmap\\message_stream.js:42:5)\n    at writeOrBuffer (_stream_writable.js:352:12)\n    at MessageStream.Writable.write (_stream_writable.js:303:10)\n    at Socket.ondata (_stream_readable.js:719:22)\n    at Socket.emit (events.js:315:20)\n    at addChunk (_stream_readable.js:309:12)\n    at readableAddChunk (_stream_readable.js:284:9)\n    at Socket.Readable.push (_stream_readable.js:223:10)\n    at TCP.onStreamRead (internal/stream_base_commons.js:188:23)","driver":true,"name":"MongoError","index":0,"code":11000,"keyPattern":{"_id":1},"keyValue":{"_id":{"_bsontype":"ObjectID","id":{"0":95,"1":186,"2":148,"3":179,"4":102,"5":200,"6":255,"7":37,"8":148,"9":47,"10":90,"11":239}}},"level":"error","timestamp":"2020-11-23T00:23:02.457Z"}
{"level":"info","message":"Listening on port 3000...","timestamp":"2020-11-23T00:23:41.773Z"}
{"level":"info","message":"Connected to MongoDB...","timestamp":"2020-11-23T00:23:41.814Z"}
{"level":"info","message":"Listening on port 3000...","timestamp":"2020-11-23T00:48:00.701Z"}
{"message":"FATAL Error: JWT Keys are not set","stack":"Error: FATAL Error: JWT Keys are not set\n    at module.exports (C:\\Users\\Rajadurai\\node-apps\\books-rental\\startups\\config.js:9:15)\n    at processTicksAndRejections (internal/process/task_queues.js:93:5)","level":"error","timestamp":"2020-11-23T00:48:00.721Z"}
{"level":"info","message":"Connected to MongoDB...","timestamp":"2020-11-23T00:48:00.763Z"}
